<?xml version="1.0" encoding="UTF-8"?>
<!-- Generated by org.testng.reporters.JUnitXMLReporter -->
<testsuite ignored="0" hostname="LAPTOP-SJF2N1EK" failures="0" tests="2" name="Test" time="15.404" errors="0" timestamp="2024-07-05T16:21:31 IST">
  <testcase classname="com.testautomation.apitesting.tests.AllureReportGeneration" name="e2eAPIRequest" time="12.709"/>
  <testcase classname="com.testautomation.apitesting.tests.AllureReportGeneration" name="e2eAPITest2" time="2.535"/>
</testsuite> <!-- Test -->
