<?xml version="1.0" encoding="UTF-8"?>
<!-- Generated by org.testng.reporters.JUnitXMLReporter -->
<testsuite ignored="0" hostname="LAPTOP-SJF2N1EK" failures="0" tests="2" name="Default test" time="15.53" errors="0" timestamp="2024-07-05T15:51:39 IST">
  <testcase classname="com.testautomation.apitesting.tests.AllureReportGeneration" name="e2eAPIRequest" time="12.867"/>
  <testcase classname="com.testautomation.apitesting.tests.AllureReportGeneration" name="e2eAPITest2" time="2.496"/>
</testsuite> <!-- Default test -->
