<?xml version="1.0" encoding="UTF-8"?>
<testng-results ignored="0" total="2" passed="2" failed="0" skipped="0">
  <reporter-output>
  </reporter-output>
  <suite started-at="2024-07-05T16:54:57 IST" name="End to End API Testing" finished-at="2024-07-05T16:55:12 IST" duration-ms="14378">
    <groups>
    </groups>
    <test started-at="2024-07-05T16:54:57 IST" name="Test" finished-at="2024-07-05T16:55:12 IST" duration-ms="14378">
      <class name="com.testautomation.apitesting.tests.AllureReportGeneration">
        <test-method is-config="true" signature="beforeMethod()[pri:0, instance:com.testautomation.apitesting.tests.AllureReportGeneration@7cd1ac19]" started-at="2024-07-05T16:54:57 IST" name="beforeMethod" finished-at="2024-07-05T16:54:58 IST" duration-ms="12" status="PASS">
          <reporter-output>
          </reporter-output>
        </test-method> <!-- beforeMethod -->
        <test-method signature="e2eAPIRequest()[pri:0, instance:com.testautomation.apitesting.tests.AllureReportGeneration@7cd1ac19]" started-at="2024-07-05T16:54:58 IST" name="e2eAPIRequest" description="end to end api testing" finished-at="2024-07-05T16:55:09 IST" duration-ms="11713" status="PASS">
          <reporter-output>
          </reporter-output>
        </test-method> <!-- e2eAPIRequest -->
        <test-method is-config="true" signature="afterMethod(org.testng.ITestResult)[pri:0, instance:com.testautomation.apitesting.tests.AllureReportGeneration@7cd1ac19]" started-at="2024-07-05T16:55:09 IST" name="afterMethod" finished-at="2024-07-05T16:55:09 IST" duration-ms="3" status="PASS">
          <params>
            <param index="0">
              <value>
                <![CDATA[[TestResult name=e2eAPIRequest status=SUCCESS method=AllureReportGeneration.e2eAPIRequest()[pri:0, instance:com.testautomation.apitesting.tests.AllureReportGeneration@7cd1ac19] output={null}]]]>
              </value>
            </param>
          </params>
          <reporter-output>
          </reporter-output>
        </test-method> <!-- afterMethod -->
        <test-method is-config="true" signature="beforeMethod()[pri:0, instance:com.testautomation.apitesting.tests.AllureReportGeneration@7cd1ac19]" started-at="2024-07-05T16:55:09 IST" name="beforeMethod" finished-at="2024-07-05T16:55:09 IST" duration-ms="1" status="PASS">
          <reporter-output>
          </reporter-output>
        </test-method> <!-- beforeMethod -->
        <test-method signature="e2eAPITest2()[pri:0, instance:com.testautomation.apitesting.tests.AllureReportGeneration@7cd1ac19]" started-at="2024-07-05T16:55:09 IST" name="e2eAPITest2" description="e2eAPITest2" finished-at="2024-07-05T16:55:12 IST" duration-ms="2462" status="PASS">
          <reporter-output>
          </reporter-output>
        </test-method> <!-- e2eAPITest2 -->
        <test-method is-config="true" signature="afterMethod(org.testng.ITestResult)[pri:0, instance:com.testautomation.apitesting.tests.AllureReportGeneration@7cd1ac19]" started-at="2024-07-05T16:55:12 IST" name="afterMethod" finished-at="2024-07-05T16:55:12 IST" duration-ms="1" status="PASS">
          <params>
            <param index="0">
              <value>
                <![CDATA[[TestResult name=e2eAPITest2 status=SUCCESS method=AllureReportGeneration.e2eAPITest2()[pri:0, instance:com.testautomation.apitesting.tests.AllureReportGeneration@7cd1ac19] output={null}]]]>
              </value>
            </param>
          </params>
          <reporter-output>
          </reporter-output>
        </test-method> <!-- afterMethod -->
      </class> <!-- com.testautomation.apitesting.tests.AllureReportGeneration -->
    </test> <!-- Test -->
  </suite> <!-- End to End API Testing -->
</testng-results>
